
(*yaml.Node)(0xc0000c8820)({
    Kind:    (yaml.Kind)    4,
    Style:    (yaml.Style)    0,
    Tag:    (string)    (len=5)    "!!map",
    Value:    (string)    "",
    Anchor:    (string)    "",
    Alias:    (*yaml.Node)(<nil>),
    Content:    ([]*yaml.Node)    (len=8    cap=8)    {
        (*yaml.Node)(0xc0000c88c0)({
            Kind:    (yaml.Kind)    8,
            Style:    (yaml.Style)    0,
            Tag:    (string)    (len=5)    "!!str",
            Value:    (string)    (len=19)    "USER__ADDRESS__CITY",
            Anchor:    (string)    "",
            Alias:    (*yaml.Node)(<nil>),
            Content:    ([]*yaml.Node)    <nil>,
            HeadComment:    (string)    (len=19)    "#    user    address    city",
            LineComment:    (string)    "",
            FootComment:    (string)    "",
            Line:    (int)    3,
            Column:    (int)    1
        }),
        (*yaml.Node)(0xc0000c8960)({
            Kind:    (yaml.Kind)    8,
            Style:    (yaml.Style)    0,
            Tag:    (string)    (len=5)    "!!str",
            Value:    (string)    (len=7)    "sichuan",
            Anchor:    (string)    "",
            Alias:    (*yaml.Node)(<nil>),
            Content:    ([]*yaml.Node)    <nil>,
            HeadComment:    (string)    "",
            LineComment:    (string)    "",
            FootComment:    (string)    "",
            Line:    (int)    3,
            Column:    (int)    22
        }),
        (*yaml.Node)(0xc0000c8a00)({
            Kind:    (yaml.Kind)    8,
            Style:    (yaml.Style)    0,
            Tag:    (string)    (len=5)    "!!str",
            Value:    (string)    (len=21)    "USER__ADDRESS__NUMBER",
            Anchor:    (string)    "",
            Alias:    (*yaml.Node)(<nil>),
            Content:    ([]*yaml.Node)    <nil>,
            HeadComment:    (string)    (len=21)    "#    user    address    number",
            LineComment:    (string)    "",
            FootComment:    (string)    "",
            Line:    (int)    5,
            Column:    (int)    1
        }),
        (*yaml.Node)(0xc0000c8aa0)({
            Kind:    (yaml.Kind)    8,
            Style:    (yaml.Style)    0,
            Tag:    (string)    (len=5)    "!!int",
            Value:    (string)    (len=1)    "1",
            Anchor:    (string)    "",
            Alias:    (*yaml.Node)(<nil>),
            Content:    ([]*yaml.Node)    <nil>,
            HeadComment:    (string)    "",
            LineComment:    (string)    "",
            FootComment:    (string)    "",
            Line:    (int)    5,
            Column:    (int)    24
        }),
        (*yaml.Node)(0xc0000c8b40)({
            Kind:    (yaml.Kind)    8,
            Style:    (yaml.Style)    0,
            Tag:    (string)    (len=5)    "!!str",
            Value:    (string)    (len=12)    "USER__GENDER",
            Anchor:    (string)    "",
            Alias:    (*yaml.Node)(<nil>),
            Content:    ([]*yaml.Node)    <nil>,
            HeadComment:    (string)    (len=13)    "#    user    Gender",
            LineComment:    (string)    "",
            FootComment:    (string)    "",
            Line:    (int)    7,
            Column:    (int)    1
        }),
        (*yaml.Node)(0xc0000c8be0)({
            Kind:    (yaml.Kind)    8,
            Style:    (yaml.Style)    0,
            Tag:    (string)    (len=6)    "!!bool",
            Value:    (string)    (len=4)    "true",
            Anchor:    (string)    "",
            Alias:    (*yaml.Node)(<nil>),
            Content:    ([]*yaml.Node)    <nil>,
            HeadComment:    (string)    "",
            LineComment:    (string)    "",
            FootComment:    (string)    "",
            Line:    (int)    7,
            Column:    (int)    15
        }),
        (*yaml.Node)(0xc0000c8c80)({
            Kind:    (yaml.Kind)    8,
            Style:    (yaml.Style)    0,
            Tag:    (string)    (len=5)    "!!str",
            Value:    (string)    (len=11)    "TIME__CLOCK",
            Anchor:    (string)    "",
            Alias:    (*yaml.Node)(<nil>),
            Content:    ([]*yaml.Node)    <nil>,
            HeadComment:    (string)    (len=12)    "#    time    clock",
            LineComment:    (string)    "",
            FootComment:    (string)    "",
            Line:    (int)    10,
            Column:    (int)    1
        }),
        (*yaml.Node)(0xc0000c8d20)({
            Kind:    (yaml.Kind)    8,
            Style:    (yaml.Style)    0,
            Tag:    (string)    (len=5)    "!!str",
            Value:    (string)    (len=2)    "3m",
            Anchor:    (string)    "",
            Alias:    (*yaml.Node)(<nil>),
            Content:    ([]*yaml.Node)    <nil>,
            HeadComment:    (string)    "",
            LineComment:    (string)    "",
            FootComment:    (string)    "",
            Line:    (int)    10,
            Column:    (int)    14
        })
    },
    HeadComment:    (string)    "",
    LineComment:    (string)    "",
    FootComment:    (string)    "",
    Line:    (int)    3,
    Column:    (int)    1
})
